Copyright 1986-2016 Xilinx, Inc. All Rights Reserved.
-------------------------------------------------------------------------------------------------------------
| Tool Version : Vivado v.2016.2 (lin64) Build 1577090 Thu Jun  2 16:32:35 MDT 2016
| Date         : Sun Oct 14 02:35:31 2018
| Host         : kekatlaspc9 running 64-bit CentOS Linux release 7.4.1708 (Core)
| Command      : report_utilization -file top_level_utilization_synth.rpt -pb top_level_utilization_synth.pb
| Design       : top_level
| Device       : 7k325tffg900-2
| Design State : Synthesized
-------------------------------------------------------------------------------------------------------------

Utilization Design Information

Table of Contents
-----------------
1. Slice Logic
1.1 Summary of Registers by Type
2. Memory
3. DSP
4. IO and GT Specific
5. Clocking
6. Specific Feature
7. Primitives
8. Black Boxes
9. Instantiated Netlists

1. Slice Logic
--------------

+----------------------------+-------+-------+-----------+-------+
|          Site Type         |  Used | Fixed | Available | Util% |
+----------------------------+-------+-------+-----------+-------+
| Slice LUTs*                |  9221 |     0 |    203800 |  4.52 |
|   LUT as Logic             |  9219 |     0 |    203800 |  4.52 |
|   LUT as Memory            |     2 |     0 |     64000 | <0.01 |
|     LUT as Distributed RAM |     0 |     0 |           |       |
|     LUT as Shift Register  |     2 |     0 |           |       |
| Slice Registers            | 10881 |     0 |    407600 |  2.67 |
|   Register as Flip Flop    | 10752 |     0 |    407600 |  2.64 |
|   Register as Latch        |   129 |     0 |    407600 |  0.03 |
| F7 Muxes                   |   674 |     0 |    101900 |  0.66 |
| F8 Muxes                   |     1 |     0 |     50950 | <0.01 |
+----------------------------+-------+-------+-----------+-------+
* Warning! The Final LUT count, after physical optimizations and full implementation, is typically lower. Run opt_design after synthesis, if not already completed, for a more realistic count.


1.1 Summary of Registers by Type
--------------------------------

+-------+--------------+-------------+--------------+
| Total | Clock Enable | Synchronous | Asynchronous |
+-------+--------------+-------------+--------------+
| 0     |            _ |           - |            - |
| 0     |            _ |           - |          Set |
| 0     |            _ |           - |        Reset |
| 0     |            _ |         Set |            - |
| 0     |            _ |       Reset |            - |
| 0     |          Yes |           - |            - |
| 137   |          Yes |           - |          Set |
| 9587  |          Yes |           - |        Reset |
| 280   |          Yes |         Set |            - |
| 877   |          Yes |       Reset |            - |
+-------+--------------+-------------+--------------+


2. Memory
---------

+-------------------+------+-------+-----------+-------+
|     Site Type     | Used | Fixed | Available | Util% |
+-------------------+------+-------+-----------+-------+
| Block RAM Tile    |   64 |     0 |       445 | 14.38 |
|   RAMB36/FIFO*    |   64 |     0 |       445 | 14.38 |
|     RAMB36E1 only |   64 |       |           |       |
|   RAMB18          |    0 |     0 |       890 |  0.00 |
+-------------------+------+-------+-----------+-------+
* Note: Each Block RAM Tile only has one FIFO logic available and therefore can accommodate only one FIFO36E1 or one FIFO18E1. However, if a FIFO18E1 occupies a Block RAM Tile, that tile can still accommodate a RAMB18E1


3. DSP
------

+-----------+------+-------+-----------+-------+
| Site Type | Used | Fixed | Available | Util% |
+-----------+------+-------+-----------+-------+
| DSPs      |    0 |     0 |       840 |  0.00 |
+-----------+------+-------+-----------+-------+


4. IO and GT Specific
---------------------

+-----------------------------+------+-------+-----------+-------+
|          Site Type          | Used | Fixed | Available | Util% |
+-----------------------------+------+-------+-----------+-------+
| Bonded IOB                  |   70 |     0 |       500 | 14.00 |
| Bonded IPADs                |    2 |     0 |        50 |  4.00 |
| Bonded OPADs                |    0 |     0 |        32 |  0.00 |
| PHY_CONTROL                 |    0 |     0 |        10 |  0.00 |
| PHASER_REF                  |    0 |     0 |        10 |  0.00 |
| OUT_FIFO                    |    0 |     0 |        40 |  0.00 |
| IN_FIFO                     |    0 |     0 |        40 |  0.00 |
| IDELAYCTRL                  |    1 |     0 |        10 | 10.00 |
| IBUFDS                      |   15 |     0 |       480 |  3.13 |
| GTXE2_COMMON                |    0 |     0 |         4 |  0.00 |
| GTXE2_CHANNEL               |    0 |     0 |        16 |  0.00 |
| PHASER_OUT/PHASER_OUT_PHY   |    0 |     0 |        40 |  0.00 |
| PHASER_IN/PHASER_IN_PHY     |    0 |     0 |        40 |  0.00 |
| IDELAYE2/IDELAYE2_FINEDELAY |    0 |     0 |       500 |  0.00 |
| ODELAYE2/ODELAYE2_FINEDELAY |    0 |     0 |       150 |  0.00 |
| IBUFDS_GTE2                 |    1 |     0 |         8 | 12.50 |
| ILOGIC                      |    4 |     0 |       500 |  0.80 |
|   ISERDES                   |    4 |       |           |       |
| OLOGIC                      |    8 |     0 |       500 |  1.60 |
|   OSERDES                   |    4 |       |           |       |
|   ODDR                      |    4 |       |           |       |
+-----------------------------+------+-------+-----------+-------+


5. Clocking
-----------

+------------+------+-------+-----------+-------+
|  Site Type | Used | Fixed | Available | Util% |
+------------+------+-------+-----------+-------+
| BUFGCTRL   |    4 |     0 |        32 | 12.50 |
| BUFIO      |    0 |     0 |        40 |  0.00 |
| MMCME2_ADV |    0 |     0 |        10 |  0.00 |
| PLLE2_ADV  |    0 |     0 |        10 |  0.00 |
| BUFMRCE    |    0 |     0 |        20 |  0.00 |
| BUFHCE     |    0 |     0 |       168 |  0.00 |
| BUFR       |    0 |     0 |        40 |  0.00 |
+------------+------+-------+-----------+-------+


6. Specific Feature
-------------------

+-------------+------+-------+-----------+-------+
|  Site Type  | Used | Fixed | Available | Util% |
+-------------+------+-------+-----------+-------+
| BSCANE2     |    0 |     0 |         4 |  0.00 |
| CAPTUREE2   |    0 |     0 |         1 |  0.00 |
| DNA_PORT    |    0 |     0 |         1 |  0.00 |
| EFUSE_USR   |    0 |     0 |         1 |  0.00 |
| FRAME_ECCE2 |    0 |     0 |         1 |  0.00 |
| ICAPE2      |    0 |     0 |         2 |  0.00 |
| PCIE_2_1    |    0 |     0 |         1 |  0.00 |
| STARTUPE2   |    0 |     0 |         1 |  0.00 |
| XADC        |    0 |     0 |         1 |  0.00 |
+-------------+------+-------+-----------+-------+


7. Primitives
-------------

+-------------+------+---------------------+
|   Ref Name  | Used | Functional Category |
+-------------+------+---------------------+
| FDCE        | 9458 |        Flop & Latch |
| LUT6        | 5044 |                 LUT |
| LUT3        | 1590 |                 LUT |
| LUT5        | 1041 |                 LUT |
| LUT4        | 1007 |                 LUT |
| FDRE        |  877 |        Flop & Latch |
| LUT2        |  836 |                 LUT |
| MUXF7       |  674 |               MuxFx |
| LUT1        |  504 |                 LUT |
| FDSE        |  280 |        Flop & Latch |
| CARRY4      |  257 |          CarryLogic |
| FDPE        |  137 |        Flop & Latch |
| LDCE        |  129 |        Flop & Latch |
| RAMB36E1    |   64 |        Block Memory |
| IBUF        |   16 |                  IO |
| IBUFDS      |   15 |                  IO |
| OBUF        |   14 |                  IO |
| OBUFDS      |   12 |                  IO |
| OSERDESE2   |    4 |                  IO |
| ODDR        |    4 |                  IO |
| ISERDESE2   |    4 |                  IO |
| BUFG        |    4 |               Clock |
| INV         |    2 |                 LUT |
| SRLC32E     |    1 |  Distributed Memory |
| SRL16E      |    1 |  Distributed Memory |
| MUXF8       |    1 |               MuxFx |
| IDELAYCTRL  |    1 |                  IO |
| IBUFDS_GTE2 |    1 |                  IO |
+-------------+------+---------------------+


8. Black Boxes
--------------

+---------------------+------+
|       Ref Name      | Used |
+---------------------+------+
| ila_rx_dma_wb       |    6 |
| rx_channel_fifo     |    5 |
| tx_fifo             |    4 |
| l2p_fifo64          |    2 |
| fifo_64x512         |    2 |
| rx_bridge_fifo      |    1 |
| rx_bridge_ctrl_fifo |    1 |
| pcie_7x_0           |    1 |
| fifo_96x512         |    1 |
| clk_gen             |    1 |
| axis_data_fifo_1    |    1 |
| axis_data_fifo_0    |    1 |
+---------------------+------+


9. Instantiated Netlists
------------------------

+----------+------+
| Ref Name | Used |
+----------+------+


