#-----------------------------------------------------------
# Vivado v2016.2 (64-bit)
# SW Build 1577090 on Thu Jun  2 16:32:35 MDT 2016
# IP Build 1577682 on Fri Jun  3 12:00:54 MDT 2016
# Start of session at: Sun Oct 14 23:12:03 2018
# Process ID: 5169
# Current directory: /home/atlasj/work/XpressK7_RD53A/YARR_ocha/debug/Yarr-fw/syn/kc705/bram_rd53a_quad_ohio/yarr
# Command line: vivado yarr.xpr
# Log file: /home/atlasj/work/XpressK7_RD53A/YARR_ocha/debug/Yarr-fw/syn/kc705/bram_rd53a_quad_ohio/yarr/vivado.log
# Journal file: /home/atlasj/work/XpressK7_RD53A/YARR_ocha/debug/Yarr-fw/syn/kc705/bram_rd53a_quad_ohio/yarr/vivado.jou
#-----------------------------------------------------------
start_gui
open_project yarr.xpr
Scanning sources...
Finished scanning sources
INFO: [IP_Flow 19-234] Refreshing IP repositories
INFO: [IP_Flow 19-1700] Loaded user IP repository '/home/atlasj/work/XpressK7_RD53A/YARR_ocha/debug/Yarr-fw/ip-cores'.
INFO: [IP_Flow 19-2313] Loaded Vivado IP repository '/opt/Xilinx/Vivado/2016.2/data/ip'.
WARNING: [IP_Flow 19-2162] IP 'mig_7series_0' is locked:
* This IP has board specific outputs. Current project board 'xilinx.com:kc705:part0:1.3' and the board 'unset' used to customize the IP 'mig_7series_0' do not match.
* Current project part 'xc7k325tffg900-2' and the part 'xc7k160tfbg676-2' used to customize the IP 'mig_7series_0' do not match.
Please select 'Report IP Status' from the 'Tools/Report' menu or run Tcl command 'report_ip_status' for more information.
INFO: [Common 17-41] Interrupt caught. Command should exit soon.
INFO: [Common 17-344] 'set_property' was cancelled
INFO: [Common 17-344] 'set_property' was cancelled
INFO: [Common 17-344] 'open_project' was cancelled
update_compile_order -fileset sources_1
update_compile_order -fileset sim_1
exit
INFO: [Common 17-206] Exiting Vivado at Sun Oct 14 23:13:41 2018...
