#-----------------------------------------------------------
# Vivado v2016.2 (64-bit)
# SW Build 1577090 on Thu Jun  2 16:32:35 MDT 2016
# IP Build 1577682 on Fri Jun  3 12:00:54 MDT 2016
# Start of session at: Sun Oct 14 23:42:17 2018
# Process ID: 1580
# Current directory: /home/atlasj/work/XpressK7_RD53A/YARR_ocha/debug/Yarr-fw/syn/kc705/bram_rd53a_quad_ohio/yarr
# Command line: vivado
# Log file: /home/atlasj/work/XpressK7_RD53A/YARR_ocha/debug/Yarr-fw/syn/kc705/bram_rd53a_quad_ohio/yarr/vivado.log
# Journal file: /home/atlasj/work/XpressK7_RD53A/YARR_ocha/debug/Yarr-fw/syn/kc705/bram_rd53a_quad_ohio/yarr/vivado.jou
#-----------------------------------------------------------
start_gui
open_hw
INFO: [IP_Flow 19-234] Refreshing IP repositories
INFO: [IP_Flow 19-1704] No user IP repositories specified
INFO: [IP_Flow 19-2313] Loaded Vivado IP repository '/opt/Xilinx/Vivado/2016.2/data/ip'.
open_hw: Time (s): cpu = 00:00:08 ; elapsed = 00:00:08 . Memory (MB): peak = 5846.824 ; gain = 99.031 ; free physical = 525 ; free virtual = 4498
connect_hw_server
INFO: [Labtools 27-2285] Connecting to hw_server url TCP:localhost:3121
INFO: [Labtools 27-2222] Launching hw_server...
INFO: [Labtools 27-2221] Launch Output:

****** Xilinx hw_server v2016.2
  **** Build date : Jun  2 2016-16:54:00
    ** Copyright 1986-2016 Xilinx, Inc. All Rights Reserved.


open_hw_target
INFO: [Labtoolstcl 44-466] Opening hw_target localhost:3121/xilinx_tcf/Digilent/210203A257A9A
current_hw_device [lindex [get_hw_devices] 0]
refresh_hw_device -update_hw_probes false [lindex [get_hw_devices] 0]
INFO: [Labtools 27-2302] Device xc7k325t (JTAG device index = 0) is programmed with a design that has 6 ILA core(s).
refresh_hw_device: Time (s): cpu = 00:00:28 ; elapsed = 00:00:11 . Memory (MB): peak = 5973.168 ; gain = 59.207 ; free physical = 377 ; free virtual = 4361
set_property PROBES.FILE {/home/atlasj/work/XpressK7_RD53A/YARR_ocha/debug/Yarr-fw/syn/kc705/bram_rd53a_quad_ohio/yarr/yarr.runs/impl_1/debug_nets.ltx} [lindex [get_hw_devices] 0]
refresh_hw_device [lindex [get_hw_devices] 0]
INFO: [Labtools 27-2302] Device xc7k325t (JTAG device index = 0) is programmed with a design that has 6 ILA core(s).
display_hw_ila_data [ get_hw_ila_data hw_ila_data_1 -of_objects [get_hw_ilas -of_objects [get_hw_devices xc7k325t_0] -filter {CELL_NAME=~"app_0/dbg_2.rx_dma_wb_debug"}]]
display_hw_ila_data [ get_hw_ila_data hw_ila_data_2 -of_objects [get_hw_ilas -of_objects [get_hw_devices xc7k325t_0] -filter {CELL_NAME=~"app_0/wb_dev_gen.cmp_wb_rx_core/rx_channels[0].rd53_type.cmp_aurora_rx_channel/aurora_channel_debug"}]]
display_hw_ila_data [ get_hw_ila_data hw_ila_data_3 -of_objects [get_hw_ilas -of_objects [get_hw_devices xc7k325t_0] -filter {CELL_NAME=~"app_0/wb_dev_gen.cmp_wb_rx_core/rx_channels[0].rd53_type.cmp_aurora_rx_channel/lane_loop[0].lane_cmp/aurora_lane_debug"}]]
display_hw_ila_data [ get_hw_ila_data hw_ila_data_4 -of_objects [get_hw_ilas -of_objects [get_hw_devices xc7k325t_0] -filter {CELL_NAME=~"app_0/wb_dev_gen.cmp_wb_rx_core/rx_channels[0].rd53_type.cmp_aurora_rx_channel/lane_loop[1].lane_cmp/aurora_lane_debug"}]]
display_hw_ila_data [ get_hw_ila_data hw_ila_data_5 -of_objects [get_hw_ilas -of_objects [get_hw_devices xc7k325t_0] -filter {CELL_NAME=~"app_0/wb_dev_gen.cmp_wb_rx_core/rx_channels[0].rd53_type.cmp_aurora_rx_channel/lane_loop[2].lane_cmp/aurora_lane_debug"}]]
display_hw_ila_data [ get_hw_ila_data hw_ila_data_6 -of_objects [get_hw_ilas -of_objects [get_hw_devices xc7k325t_0] -filter {CELL_NAME=~"app_0/wb_dev_gen.cmp_wb_rx_core/rx_channels[0].rd53_type.cmp_aurora_rx_channel/lane_loop[3].lane_cmp/aurora_lane_debug"}]]
run_hw_ila [get_hw_ilas -of_objects [get_hw_devices xc7k325t_0] -filter {CELL_NAME=~"app_0/dbg_2.rx_dma_wb_debug"}] -trigger_now
INFO: [Labtools 27-1964] The ILA core 'hw_ila_1' trigger was armed at 2018-Oct-14 23:45:37
wait_on_hw_ila [get_hw_ilas -of_objects [get_hw_devices xc7k325t_0] -filter {CELL_NAME=~"app_0/dbg_2.rx_dma_wb_debug"}]
display_hw_ila_data [upload_hw_ila_data [get_hw_ilas -of_objects [get_hw_devices xc7k325t_0] -filter {CELL_NAME=~"app_0/dbg_2.rx_dma_wb_debug"}]]
INFO: [Labtools 27-1966] The ILA core 'hw_ila_1' triggered at 2018-Oct-14 23:45:37
set_property TRIGGER_COMPARE_VALUE neq1'b0 [get_hw_probes app_0/eudet_busy_s -of_objects [get_hw_ilas -of_objects [get_hw_devices xc7k325t_0] -filter {CELL_NAME=~"app_0/dbg_2.rx_dma_wb_debug"}]]
run_hw_ila [get_hw_ilas -of_objects [get_hw_devices xc7k325t_0] -filter {CELL_NAME=~"app_0/dbg_2.rx_dma_wb_debug"}]
INFO: [Labtools 27-1964] The ILA core 'hw_ila_1' trigger was armed at 2018-Oct-14 23:49:54
wait_on_hw_ila [get_hw_ilas -of_objects [get_hw_devices xc7k325t_0] -filter {CELL_NAME=~"app_0/dbg_2.rx_dma_wb_debug"}]
display_hw_ila_data [upload_hw_ila_data [get_hw_ilas -of_objects [get_hw_devices xc7k325t_0] -filter {CELL_NAME=~"app_0/dbg_2.rx_dma_wb_debug"}]]
INFO: [Labtools 27-1966] The ILA core 'hw_ila_1' triggered at 2018-Oct-14 23:50:03
run_hw_ila [get_hw_ilas -of_objects [get_hw_devices xc7k325t_0] -filter {CELL_NAME=~"app_0/dbg_2.rx_dma_wb_debug"}]
INFO: [Labtools 27-1964] The ILA core 'hw_ila_1' trigger was armed at 2018-Oct-14 23:51:20
wait_on_hw_ila [get_hw_ilas -of_objects [get_hw_devices xc7k325t_0] -filter {CELL_NAME=~"app_0/dbg_2.rx_dma_wb_debug"}]
display_hw_ila_data [upload_hw_ila_data [get_hw_ilas -of_objects [get_hw_devices xc7k325t_0] -filter {CELL_NAME=~"app_0/dbg_2.rx_dma_wb_debug"}]]
INFO: [Labtools 27-1966] The ILA core 'hw_ila_1' triggered at 2018-Oct-14 23:51:26
save_wave_config {/home/atlasj/work/XpressK7_RD53A/YARR_ocha/debug/Yarr-fw/syn/kc705/bram_rd53a_quad_ohio/yarr/.Xil/Vivado-1580-kekatlaspc9/hw_1/wave/hw_ila_data_1/hw_ila_data_1.wcfg}
save_wave_config {/home/atlasj/work/XpressK7_RD53A/YARR_ocha/debug/Yarr-fw/syn/kc705/bram_rd53a_quad_ohio/yarr/.Xil/Vivado-1580-kekatlaspc9/hw_1/wave/hw_ila_data_2/hw_ila_data_2.wcfg}
save_wave_config {/home/atlasj/work/XpressK7_RD53A/YARR_ocha/debug/Yarr-fw/syn/kc705/bram_rd53a_quad_ohio/yarr/.Xil/Vivado-1580-kekatlaspc9/hw_1/wave/hw_ila_data_3/hw_ila_data_3.wcfg}
save_wave_config {/home/atlasj/work/XpressK7_RD53A/YARR_ocha/debug/Yarr-fw/syn/kc705/bram_rd53a_quad_ohio/yarr/.Xil/Vivado-1580-kekatlaspc9/hw_1/wave/hw_ila_data_4/hw_ila_data_4.wcfg}
save_wave_config {/home/atlasj/work/XpressK7_RD53A/YARR_ocha/debug/Yarr-fw/syn/kc705/bram_rd53a_quad_ohio/yarr/.Xil/Vivado-1580-kekatlaspc9/hw_1/wave/hw_ila_data_5/hw_ila_data_5.wcfg}
save_wave_config {/home/atlasj/work/XpressK7_RD53A/YARR_ocha/debug/Yarr-fw/syn/kc705/bram_rd53a_quad_ohio/yarr/.Xil/Vivado-1580-kekatlaspc9/hw_1/wave/hw_ila_data_6/hw_ila_data_6.wcfg}
exit
INFO: [Common 17-206] Exiting Vivado at Mon Oct 15 00:09:59 2018...
