#-----------------------------------------------------------
# Vivado v2016.2 (64-bit)
# SW Build 1577090 on Thu Jun  2 16:32:35 MDT 2016
# IP Build 1577682 on Fri Jun  3 12:00:54 MDT 2016
# Start of session at: Sun Oct 14 19:18:37 2018
# Process ID: 2593
# Current directory: /home/atlasj/work/XpressK7_RD53A/YARR_ocha/debug/Yarr-fw/syn/kc705/bram_rd53a_quad_ohio/project_2
# Command line: vivado project_2.xpr
# Log file: /home/atlasj/work/XpressK7_RD53A/YARR_ocha/debug/Yarr-fw/syn/kc705/bram_rd53a_quad_ohio/project_2/vivado.log
# Journal file: /home/atlasj/work/XpressK7_RD53A/YARR_ocha/debug/Yarr-fw/syn/kc705/bram_rd53a_quad_ohio/project_2/vivado.jou
#-----------------------------------------------------------
start_gui
open_project project_2.xpr
Scanning sources...
Finished scanning sources
INFO: [IP_Flow 19-234] Refreshing IP repositories
INFO: [IP_Flow 19-1704] No user IP repositories specified
INFO: [IP_Flow 19-2313] Loaded Vivado IP repository '/opt/Xilinx/Vivado/2016.2/data/ip'.
WARNING: [IP_Flow 19-2162] IP 'mig_7series_0' is locked:
* This IP has board specific outputs. Current project board 'xilinx.com:kc705:part0:1.3' and the board 'unset' used to customize the IP 'mig_7series_0' do not match.
* Current project part 'xc7k325tffg900-2' and the part 'xc7k160tfbg676-2' used to customize the IP 'mig_7series_0' do not match.
Please select 'Report IP Status' from the 'Tools/Report' menu or run Tcl command 'report_ip_status' for more information.
open_project: Time (s): cpu = 00:00:38 ; elapsed = 00:00:32 . Memory (MB): peak = 6025.176 ; gain = 292.410 ; free physical = 667 ; free virtual = 3924
update_compile_order -fileset sources_1
open_hw
connect_hw_server
INFO: [Labtools 27-2285] Connecting to hw_server url TCP:localhost:3121
INFO: [Labtools 27-2222] Launching hw_server...
INFO: [Labtools 27-2221] Launch Output:

****** Xilinx hw_server v2016.2
  **** Build date : Jun  2 2016-16:54:00
    ** Copyright 1986-2016 Xilinx, Inc. All Rights Reserved.


open_hw_target
INFO: [Labtoolstcl 44-466] Opening hw_target localhost:3121/xilinx_tcf/Digilent/210203A257A9A
set_property PROGRAM.FILE {/home/atlasj/work/XpressK7_RD53A/YARR_ocha/debug/Yarr-fw/syn/kc705/bram_rd53a_quad_ohio/project_2/project_2.runs/impl_1/top_level.bit} [lindex [get_hw_devices] 0]
set_property PROBES.FILE {/home/atlasj/work/XpressK7_RD53A/YARR_ocha/debug/Yarr-fw/syn/kc705/bram_rd53a_quad_ohio/project_2/project_2.runs/impl_1/debug_nets.ltx} [lindex [get_hw_devices] 0]
current_hw_device [lindex [get_hw_devices] 0]
refresh_hw_device [lindex [get_hw_devices] 0]
INFO: [Labtools 27-2302] Device xc7k325t (JTAG device index = 0) is programmed with a design that has 6 ILA core(s).
refresh_hw_device: Time (s): cpu = 00:00:25 ; elapsed = 00:00:16 . Memory (MB): peak = 6147.945 ; gain = 61.984 ; free physical = 550 ; free virtual = 3828
display_hw_ila_data [ get_hw_ila_data hw_ila_data_1 -of_objects [get_hw_ilas -of_objects [get_hw_devices xc7k325t_0] -filter {CELL_NAME=~"app_0/dbg_2.rx_dma_wb_debug"}]]
display_hw_ila_data [ get_hw_ila_data hw_ila_data_2 -of_objects [get_hw_ilas -of_objects [get_hw_devices xc7k325t_0] -filter {CELL_NAME=~"app_0/wb_dev_gen.cmp_wb_rx_core/rx_channels[0].rd53_type.cmp_aurora_rx_channel/aurora_channel_debug"}]]
display_hw_ila_data [ get_hw_ila_data hw_ila_data_3 -of_objects [get_hw_ilas -of_objects [get_hw_devices xc7k325t_0] -filter {CELL_NAME=~"app_0/wb_dev_gen.cmp_wb_rx_core/rx_channels[0].rd53_type.cmp_aurora_rx_channel/lane_loop[0].lane_cmp/aurora_lane_debug"}]]
display_hw_ila_data [ get_hw_ila_data hw_ila_data_4 -of_objects [get_hw_ilas -of_objects [get_hw_devices xc7k325t_0] -filter {CELL_NAME=~"app_0/wb_dev_gen.cmp_wb_rx_core/rx_channels[0].rd53_type.cmp_aurora_rx_channel/lane_loop[1].lane_cmp/aurora_lane_debug"}]]
display_hw_ila_data [ get_hw_ila_data hw_ila_data_5 -of_objects [get_hw_ilas -of_objects [get_hw_devices xc7k325t_0] -filter {CELL_NAME=~"app_0/wb_dev_gen.cmp_wb_rx_core/rx_channels[0].rd53_type.cmp_aurora_rx_channel/lane_loop[2].lane_cmp/aurora_lane_debug"}]]
display_hw_ila_data [ get_hw_ila_data hw_ila_data_6 -of_objects [get_hw_ilas -of_objects [get_hw_devices xc7k325t_0] -filter {CELL_NAME=~"app_0/wb_dev_gen.cmp_wb_rx_core/rx_channels[0].rd53_type.cmp_aurora_rx_channel/lane_loop[3].lane_cmp/aurora_lane_debug"}]]
create_hw_cfgmem -hw_device [lindex [get_hw_devices] 0] -mem_dev  [lindex [get_cfgmem_parts {28f00ap30t-bpi-x16}] 0]
set_property PROGRAM.BLANK_CHECK  0 [ get_property PROGRAM.HW_CFGMEM [lindex [get_hw_devices] 0 ]]
set_property PROGRAM.ERASE  1 [ get_property PROGRAM.HW_CFGMEM [lindex [get_hw_devices] 0 ]]
set_property PROGRAM.CFG_PROGRAM  1 [ get_property PROGRAM.HW_CFGMEM [lindex [get_hw_devices] 0 ]]
set_property PROGRAM.VERIFY  1 [ get_property PROGRAM.HW_CFGMEM [lindex [get_hw_devices] 0 ]]
set_property PROGRAM.CHECKSUM  0 [ get_property PROGRAM.HW_CFGMEM [lindex [get_hw_devices] 0 ]]
refresh_hw_device [lindex [get_hw_devices] 0]
INFO: [Labtools 27-2302] Device xc7k325t (JTAG device index = 0) is programmed with a design that has 6 ILA core(s).
set_property PROGRAM.ADDRESS_RANGE  {use_file} [ get_property PROGRAM.HW_CFGMEM [lindex [get_hw_devices] 0 ]]
set_property PROGRAM.FILES [list "/home/atlasj/work/XpressK7_RD53A/YARR_ocha/debug/Yarr-fw/syn/kc705/fromproject2.mcs" ] [ get_property PROGRAM.HW_CFGMEM [lindex [get_hw_devices] 0]]
set_property PROGRAM.BPI_RS_PINS {none} [ get_property PROGRAM.HW_CFGMEM [lindex [get_hw_devices] 0 ]]
set_property PROGRAM.UNUSED_PIN_TERMINATION {pull-none} [ get_property PROGRAM.HW_CFGMEM [lindex [get_hw_devices] 0 ]]
set_property PROGRAM.BLANK_CHECK  0 [ get_property PROGRAM.HW_CFGMEM [lindex [get_hw_devices] 0 ]]
set_property PROGRAM.ERASE  1 [ get_property PROGRAM.HW_CFGMEM [lindex [get_hw_devices] 0 ]]
set_property PROGRAM.CFG_PROGRAM  1 [ get_property PROGRAM.HW_CFGMEM [lindex [get_hw_devices] 0 ]]
set_property PROGRAM.VERIFY  1 [ get_property PROGRAM.HW_CFGMEM [lindex [get_hw_devices] 0 ]]
set_property PROGRAM.CHECKSUM  0 [ get_property PROGRAM.HW_CFGMEM [lindex [get_hw_devices] 0 ]]
startgroup 
if {![string equal [get_property PROGRAM.HW_CFGMEM_TYPE  [lindex [get_hw_devices] 0]] [get_property MEM_TYPE [get_property CFGMEM_PART [get_property PROGRAM.HW_CFGMEM [lindex [get_hw_devices] 0 ]]]]] }  { create_hw_bitstream -hw_device [lindex [get_hw_devices] 0] [get_property PROGRAM.HW_CFGMEM_BITFILE [ lindex [get_hw_devices] 0]]; program_hw_devices [lindex [get_hw_devices] 0]; }; 
INFO: [Labtools 27-3164] End of startup status: HIGH
program_hw_cfgmem -hw_cfgmem [get_property PROGRAM.HW_CFGMEM [lindex [get_hw_devices] 0 ]]
Mfg ID : 89   Memory Type : 8962   Memory Capacity : 0   Device ID 1 : 0   Device ID 2 : 0
Performing Erase Operation...
Erase Operation successful.
Performing Program and Verify Operations...
Program/Verify Operation successful.
INFO: [Labtoolstcl 44-377] Flash programming completed successfully
program_hw_cfgmem: Time (s): cpu = 00:00:08 ; elapsed = 00:02:20 . Memory (MB): peak = 6170.168 ; gain = 16.000 ; free physical = 519 ; free virtual = 3802
endgroup
save_wave_config {/home/atlasj/work/XpressK7_RD53A/YARR_ocha/debug/Yarr-fw/syn/kc705/bram_rd53a_quad_ohio/project_2/project_2.hw/hw_1/wave/hw_ila_data_1/hw_ila_data_1.wcfg}
save_wave_config {/home/atlasj/work/XpressK7_RD53A/YARR_ocha/debug/Yarr-fw/syn/kc705/bram_rd53a_quad_ohio/project_2/project_2.hw/hw_1/wave/hw_ila_data_2/hw_ila_data_2.wcfg}
save_wave_config {/home/atlasj/work/XpressK7_RD53A/YARR_ocha/debug/Yarr-fw/syn/kc705/bram_rd53a_quad_ohio/project_2/project_2.hw/hw_1/wave/hw_ila_data_3/hw_ila_data_3.wcfg}
save_wave_config {/home/atlasj/work/XpressK7_RD53A/YARR_ocha/debug/Yarr-fw/syn/kc705/bram_rd53a_quad_ohio/project_2/project_2.hw/hw_1/wave/hw_ila_data_4/hw_ila_data_4.wcfg}
save_wave_config {/home/atlasj/work/XpressK7_RD53A/YARR_ocha/debug/Yarr-fw/syn/kc705/bram_rd53a_quad_ohio/project_2/project_2.hw/hw_1/wave/hw_ila_data_5/hw_ila_data_5.wcfg}
save_wave_config {/home/atlasj/work/XpressK7_RD53A/YARR_ocha/debug/Yarr-fw/syn/kc705/bram_rd53a_quad_ohio/project_2/project_2.hw/hw_1/wave/hw_ila_data_6/hw_ila_data_6.wcfg}
exit
INFO: [Common 17-206] Exiting Vivado at Sun Oct 14 20:56:34 2018...
